<?xml version="1.0" encoding="UTF-8"?>
<!-- Generated by org.testng.reporters.JUnitReportReporter -->
<testsuite hostname="LAPTOP-BL3P6756" failures="0" tests="6" name="runners.TestRunner" time="86.213" errors="2" timestamp="2023-02-27T13:34:29 IST" skipped="0">
  <testcase classname="runners.TestRunner" name="runScenario" time="9.384"/>
  <system-out/>
  <testcase classname="runners.TestRunner" name="runScenario" time="26.265"/>
  <system-out/>
  <testcase classname="runners.TestRunner" name="runScenario" time="9.396">
    <error message="Cannot invoke &quot;Pages.HomePage.getSearchBox()&quot; because &quot;this.homePage&quot; is null" type="java.lang.NullPointerException">
      <![CDATA[java.lang.NullPointerException: Cannot invoke "Pages.HomePage.getSearchBox()" because "this.homePage" is null
at steps.StepDefinations.the_User_Clicks_On_Searchbar_And_Enters(StepDefinations.java:68)
at ✽.: the user clicks on searchbar and enters "<products>"(file:///C:/Download/Capg/Cucumber/src/test/resources/features/Nykaa_Customisation.feature:29)
]]>
    </error>
  </testcase> <!-- runScenario -->
  <system-out/>
  <testcase classname="runners.TestRunner" name="runScenario" time="14.188"/>
  <system-out/>
  <testcase classname="runners.TestRunner" name="runScenario" time="13.710">
    <error message="Cannot invoke &quot;Pages.HomePage.getSearchBox()&quot; because &quot;this.homePage&quot; is null" type="java.lang.NullPointerException">
      <![CDATA[java.lang.NullPointerException: Cannot invoke "Pages.HomePage.getSearchBox()" because "this.homePage" is null
at steps.StepDefinations.the_User_Clicks_On_Searchbar_And_Enters(StepDefinations.java:68)
at ✽.: the user clicks on searchbar and enters "<products>"(file:///C:/Download/Capg/Cucumber/src/test/resources/features/Nykaa_Customisation.feature:29)
]]>
    </error>
  </testcase> <!-- runScenario -->
  <system-out/>
  <testcase classname="runners.TestRunner" name="runScenario" time="13.270"/>
  <system-out/>
</testsuite> <!-- runners.TestRunner -->
